2024-05-29 03:58:45,102 - root - INFO - Starting up...
2024-05-29 03:58:45,103 - root - INFO - Parsing arguments
2024-05-29 03:58:45,103 - root - INFO - Starting Sensor X 1 thread...
2024-05-29 03:58:45,104 - root - INFO - Starting Sensor X 2 thread...
2024-05-29 03:58:45,104 - root - INFO - Starting Sensor X 3 thread...
2024-05-29 03:58:45,105 - root - INFO - Starting Sensor Cam thread...
2024-05-29 03:58:45,105 - root - INFO - Attempting to open camera with index 0
2024-05-29 03:58:45,761 - root - INFO - Camera opened successfully with index 0
2024-05-29 03:58:46,655 - root - INFO - Starting Window Image...
2024-05-29 03:58:46,655 - root - INFO - Starting Frame Assembly...
2024-05-29 03:58:47,421 - root - INFO - [212, 23, 2]
2024-05-29 03:58:47,643 - root - INFO - [232, 25, 2]
2024-05-29 03:58:47,751 - root - INFO - [242, 26, 2]
2024-05-29 03:58:47,857 - root - INFO - [252, 27, 2]
2024-05-29 03:58:47,964 - root - INFO - [262, 28, 2]
2024-05-29 03:58:48,071 - root - INFO - [271, 29, 2]
2024-05-29 03:58:48,178 - root - INFO - [281, 30, 3]
2024-05-29 03:58:48,285 - root - INFO - [291, 31, 3]
2024-05-29 03:58:48,393 - root - INFO - [301, 32, 3]
2024-05-29 03:58:48,501 - root - INFO - [311, 33, 3]
2024-05-29 03:58:48,607 - root - INFO - [320, 34, 3]
2024-05-29 03:58:48,715 - root - INFO - [330, 35, 3]
2024-05-29 03:58:48,822 - root - INFO - [340, 36, 3]
2024-05-29 03:58:48,928 - root - INFO - [349, 37, 3]
2024-05-29 03:58:49,035 - root - INFO - [359, 39, 3]
2024-05-29 03:58:49,142 - root - INFO - [369, 40, 4]
2024-05-29 03:58:49,250 - root - INFO - [379, 41, 4]
2024-05-29 03:58:49,358 - root - INFO - [389, 42, 4]
2024-05-29 03:58:49,465 - root - INFO - [399, 43, 4]
2024-05-29 03:58:49,573 - root - INFO - [408, 44, 4]
2024-05-29 03:58:49,681 - root - INFO - [418, 45, 4]
2024-05-29 03:58:49,789 - root - INFO - [428, 46, 4]
2024-05-29 03:58:49,897 - root - INFO - [438, 47, 4]
2024-05-29 03:58:50,010 - root - INFO - [448, 48, 4]
2024-05-29 03:58:50,118 - root - INFO - [458, 49, 5]
2024-05-29 03:58:50,224 - root - INFO - [468, 50, 5]
2024-05-29 03:58:50,330 - root - INFO - [477, 51, 5]
2024-05-29 03:58:50,436 - root - INFO - [487, 52, 5]
2024-05-29 03:58:50,542 - root - INFO - [497, 53, 5]
2024-05-29 03:58:50,650 - root - INFO - [506, 55, 5]
2024-05-29 03:58:50,756 - root - INFO - [516, 56, 5]
2024-05-29 03:58:50,862 - root - INFO - [526, 57, 5]
2024-05-29 03:58:50,969 - root - INFO - [535, 58, 5]
2024-05-29 03:58:51,076 - root - INFO - [545, 59, 5]
2024-05-29 03:58:51,183 - root - INFO - [555, 60, 6]
2024-05-29 03:58:51,291 - root - INFO - [565, 61, 6]
2024-05-29 03:58:51,397 - root - INFO - [575, 62, 6]
2024-05-29 03:58:51,505 - root - INFO - [584, 63, 6]
2024-05-29 03:58:51,612 - root - INFO - [594, 64, 6]
2024-05-29 03:58:51,721 - root - INFO - [604, 65, 6]
2024-05-29 03:58:51,829 - root - INFO - [614, 66, 6]
2024-05-29 03:58:51,938 - root - INFO - [624, 67, 6]
2024-05-29 03:58:52,045 - root - INFO - [634, 68, 6]
2024-05-29 03:58:52,153 - root - INFO - [643, 69, 7]
2024-05-29 03:58:52,259 - root - INFO - [653, 70, 7]
2024-05-29 03:58:52,367 - root - INFO - [663, 72, 7]
2024-05-29 03:58:52,474 - root - INFO - [673, 73, 7]
2024-05-29 03:58:52,581 - root - INFO - [682, 74, 7]
2024-05-29 03:58:52,690 - root - INFO - [692, 75, 7]
2024-05-29 03:58:52,798 - root - INFO - [702, 76, 7]
2024-05-29 03:58:52,906 - root - INFO - [712, 77, 7]
2024-05-29 03:58:53,013 - root - INFO - [722, 78, 7]
2024-05-29 03:58:53,121 - root - INFO - [732, 79, 8]
2024-05-29 03:58:53,229 - root - INFO - [742, 80, 8]
2024-05-29 03:58:53,336 - root - INFO - [751, 81, 8]
2024-05-29 03:58:53,442 - root - INFO - [761, 82, 8]
2024-05-29 03:58:53,550 - root - INFO - [771, 83, 8]
2024-05-29 03:58:53,658 - root - INFO - [781, 84, 8]
2024-05-29 03:58:53,767 - root - INFO - [791, 85, 8]
2024-05-29 03:58:53,875 - root - INFO - [800, 87, 8]
2024-05-29 03:58:53,986 - root - INFO - [810, 88, 8]
2024-05-29 03:58:54,095 - root - INFO - [820, 89, 8]
2024-05-29 03:58:54,205 - root - INFO - [830, 90, 9]
2024-05-29 03:58:54,312 - root - INFO - [840, 91, 9]
2024-05-29 03:58:54,419 - root - INFO - [850, 92, 9]
2024-05-29 03:58:54,528 - root - INFO - [860, 93, 9]
2024-05-29 03:58:54,637 - root - INFO - [870, 94, 9]
2024-05-29 03:58:54,743 - root - INFO - [880, 95, 9]
2024-05-29 03:58:54,851 - root - INFO - [889, 96, 9]
2024-05-29 03:58:54,959 - root - INFO - [899, 97, 9]
2024-05-29 03:58:55,067 - root - INFO - [909, 98, 9]
2024-05-29 03:58:55,173 - root - INFO - [919, 99, 10]
2024-05-29 03:58:55,281 - root - INFO - [928, 100, 10]
2024-05-29 03:58:55,389 - root - INFO - [938, 102, 10]
2024-05-29 03:58:55,497 - root - INFO - [948, 103, 10]
2024-05-29 03:58:55,608 - root - INFO - [958, 104, 10]
2024-05-29 03:58:55,720 - root - INFO - [968, 105, 10]
2024-05-29 03:58:55,832 - root - INFO - [979, 106, 10]
2024-05-29 03:58:55,940 - root - INFO - [988, 107, 10]
2024-05-29 03:58:56,047 - root - INFO - [998, 108, 10]
2024-05-29 03:58:56,154 - root - INFO - [1008, 109, 11]
2024-05-29 03:58:56,261 - root - INFO - [1018, 110, 11]
2024-05-29 03:58:56,371 - root - INFO - [1028, 111, 11]
2024-05-29 03:58:56,478 - root - INFO - [1038, 112, 11]
2024-05-29 03:58:56,586 - root - INFO - [1047, 113, 11]
2024-05-29 03:58:56,693 - root - INFO - [1057, 114, 11]
2024-05-29 03:58:56,802 - root - INFO - [1067, 116, 11]
2024-05-29 03:58:56,912 - root - INFO - [1077, 117, 11]
2024-05-29 03:58:57,021 - root - INFO - [1087, 118, 11]
2024-05-29 03:58:57,127 - root - INFO - [1097, 119, 12]
2024-05-29 03:58:57,235 - root - INFO - [1107, 120, 12]
2024-05-29 03:58:57,342 - root - INFO - [1116, 121, 12]
2024-05-29 03:58:57,451 - root - INFO - [1126, 122, 12]
2024-05-29 03:58:57,558 - root - INFO - [1136, 123, 12]
2024-05-29 03:58:57,664 - root - INFO - [1146, 124, 12]
2024-05-29 03:58:57,771 - root - INFO - [1155, 125, 12]
2024-05-29 03:58:57,878 - root - INFO - [1165, 126, 12]
2024-05-29 03:58:57,985 - root - INFO - [1175, 127, 12]
2024-05-29 03:58:58,092 - root - INFO - [1185, 128, 12]
2024-05-29 03:58:58,199 - root - INFO - [1195, 129, 13]
2024-05-29 03:58:58,309 - root - INFO - [1205, 131, 13]
2024-05-29 03:58:58,418 - root - INFO - [1215, 132, 13]
2024-05-29 03:58:58,525 - root - INFO - [1224, 133, 13]
2024-05-29 03:58:58,632 - root - INFO - [1234, 134, 13]
2024-05-29 03:58:58,738 - root - INFO - [1244, 135, 13]
2024-05-29 03:58:58,845 - root - INFO - [1253, 136, 13]
2024-05-29 03:58:58,952 - root - INFO - [1263, 137, 13]
2024-05-29 03:58:59,059 - root - INFO - [1273, 138, 13]
2024-05-29 03:58:59,173 - root - INFO - [1283, 139, 14]
2024-05-29 03:58:59,279 - root - INFO - [1293, 140, 14]
2024-05-29 03:58:59,387 - root - INFO - [1303, 141, 14]
2024-05-29 03:58:59,495 - root - INFO - [1313, 142, 14]
2024-05-29 03:58:59,605 - root - INFO - [1323, 143, 14]
2024-05-29 03:58:59,714 - root - INFO - [1332, 144, 14]
2024-05-29 03:58:59,823 - root - INFO - [1342, 146, 14]
2024-05-29 03:58:59,930 - root - INFO - [1352, 147, 14]
2024-05-29 03:59:00,037 - root - INFO - [1362, 148, 14]
2024-05-29 03:59:00,145 - root - INFO - [1372, 149, 15]
2024-05-29 03:59:00,254 - root - INFO - [1382, 150, 15]
2024-05-29 03:59:00,362 - root - INFO - [1392, 151, 15]
2024-05-29 03:59:00,469 - root - INFO - [1402, 152, 15]
2024-05-29 03:59:00,576 - root - INFO - [1411, 153, 15]
2024-05-29 03:59:00,685 - root - INFO - [1421, 154, 15]
2024-05-29 03:59:00,796 - root - INFO - [1431, 155, 15]
2024-05-29 03:59:00,905 - root - INFO - [1441, 156, 15]
2024-05-29 03:59:01,012 - root - INFO - [1451, 157, 15]
2024-05-29 03:59:01,123 - root - INFO - [1461, 158, 16]
2024-05-29 03:59:01,230 - root - INFO - [1471, 159, 16]
2024-05-29 03:59:01,337 - root - INFO - [1481, 161, 16]
2024-05-29 03:59:01,442 - root - INFO - [1490, 162, 16]
2024-05-29 03:59:01,550 - root - INFO - [1500, 163, 16]
2024-05-29 03:59:01,663 - root - INFO - [1510, 164, 16]
2024-05-29 03:59:01,774 - root - INFO - [1520, 165, 16]
2024-05-29 03:59:01,885 - root - INFO - [1531, 166, 16]
2024-05-29 03:59:01,992 - root - INFO - [1540, 167, 16]
2024-05-29 03:59:02,102 - root - INFO - [1550, 168, 16]
2024-05-29 03:59:02,213 - root - INFO - [1561, 169, 17]
2024-05-29 03:59:02,320 - root - INFO - [1570, 170, 17]
2024-05-29 03:59:02,428 - root - INFO - [1580, 171, 17]
2024-05-29 03:59:02,534 - root - INFO - [1590, 172, 17]
2024-05-29 03:59:02,640 - root - INFO - [1600, 173, 17]
2024-05-29 03:59:02,748 - root - INFO - [1609, 175, 17]
2024-05-29 03:59:02,854 - root - INFO - [1619, 176, 17]
2024-05-29 03:59:02,961 - root - INFO - [1629, 177, 17]
2024-05-29 03:59:03,068 - root - INFO - [1639, 178, 17]
2024-05-29 03:59:03,178 - root - INFO - [1649, 179, 18]
2024-05-29 03:59:03,288 - root - INFO - [1659, 180, 18]
2024-05-29 03:59:03,396 - root - INFO - [1669, 181, 18]
2024-05-29 03:59:03,504 - root - INFO - [1679, 182, 18]
2024-05-29 03:59:03,610 - root - INFO - [1688, 183, 18]
2024-05-29 03:59:03,720 - root - INFO - [1698, 184, 18]
2024-05-29 03:59:03,833 - root - INFO - [1709, 185, 18]
2024-05-29 03:59:03,944 - root - INFO - [1719, 186, 18]
2024-05-29 03:59:04,052 - root - INFO - [1729, 187, 18]
2024-05-29 03:59:04,159 - root - INFO - [1738, 189, 19]
2024-05-29 03:59:04,266 - root - INFO - [1748, 190, 19]
2024-05-29 03:59:04,375 - root - INFO - [1758, 191, 19]
2024-05-29 03:59:04,483 - root - INFO - [1768, 192, 19]
2024-05-29 03:59:04,589 - root - INFO - [1778, 193, 19]
2024-05-29 03:59:04,695 - root - INFO - [1787, 194, 19]
2024-05-29 03:59:04,802 - root - INFO - [1797, 195, 19]
2024-05-29 03:59:04,908 - root - INFO - [1807, 196, 19]
2024-05-29 03:59:05,015 - root - INFO - [1816, 197, 19]
2024-05-29 03:59:05,123 - root - INFO - [1826, 198, 20]
2024-05-29 03:59:05,232 - root - INFO - [1836, 199, 20]
2024-05-29 03:59:05,338 - root - INFO - [1846, 200, 20]
2024-05-29 03:59:05,445 - root - INFO - [1856, 201, 20]
2024-05-29 03:59:05,553 - root - INFO - [1865, 202, 20]
2024-05-29 03:59:05,661 - root - INFO - [1875, 203, 20]
2024-05-29 03:59:05,769 - root - INFO - [1885, 205, 20]
2024-05-29 03:59:05,884 - root - INFO - [1895, 206, 20]
2024-05-29 03:59:05,990 - root - INFO - [1905, 207, 20]
2024-05-29 03:59:06,097 - root - INFO - [1914, 208, 20]
2024-05-29 03:59:06,205 - root - INFO - [1924, 209, 21]
2024-05-29 03:59:06,312 - root - INFO - [1934, 210, 21]
2024-05-29 03:59:06,420 - root - INFO - [1944, 211, 21]
2024-05-29 03:59:06,527 - root - INFO - [1954, 212, 21]
2024-05-29 03:59:06,634 - root - INFO - [1963, 213, 21]
2024-05-29 03:59:06,742 - root - INFO - [1973, 214, 21]
2024-05-29 03:59:06,851 - root - INFO - [1983, 215, 21]
2024-05-29 03:59:06,958 - root - INFO - [1993, 216, 21]
2024-05-29 03:59:07,064 - root - INFO - [2002, 217, 21]
2024-05-29 03:59:07,171 - root - INFO - [2012, 218, 22]
2024-05-29 03:59:07,279 - root - INFO - [2022, 219, 22]
2024-05-29 03:59:07,384 - root - INFO - [2032, 221, 22]
2024-05-29 03:59:07,490 - root - INFO - [2041, 222, 22]
2024-05-29 03:59:07,603 - root - INFO - [2052, 223, 22]
2024-05-29 03:59:07,711 - root - INFO - [2062, 224, 22]
2024-05-29 03:59:07,819 - root - INFO - [2071, 225, 22]
2024-05-29 03:59:07,931 - root - INFO - [2081, 226, 22]
2024-05-29 03:59:08,043 - root - INFO - [2092, 227, 22]
2024-05-29 03:59:08,151 - root - INFO - [2101, 228, 23]
2024-05-29 03:59:08,260 - root - INFO - [2111, 229, 23]
2024-05-29 03:59:08,365 - root - INFO - [2121, 230, 23]
2024-05-29 03:59:08,472 - root - INFO - [2131, 231, 23]
2024-05-29 03:59:08,577 - root - INFO - [2140, 232, 23]
2024-05-29 03:59:08,684 - root - INFO - [2150, 233, 23]
2024-05-29 03:59:08,791 - root - INFO - [2160, 234, 23]
2024-05-29 03:59:08,897 - root - INFO - [2169, 236, 23]
2024-05-29 03:59:09,005 - root - INFO - [2179, 237, 23]
2024-05-29 03:59:09,111 - root - INFO - [2189, 238, 23]
2024-05-29 03:59:09,217 - root - INFO - [2199, 239, 24]
2024-05-29 03:59:09,323 - root - INFO - [2208, 240, 24]
2024-05-29 03:59:09,430 - root - INFO - [2218, 241, 24]
2024-05-29 03:59:09,537 - root - INFO - [2228, 242, 24]
2024-05-29 03:59:09,645 - root - INFO - [2238, 243, 24]
2024-05-29 03:59:09,754 - root - INFO - [2248, 244, 24]
2024-05-29 03:59:09,864 - root - INFO - [2258, 245, 24]
2024-05-29 03:59:09,972 - root - INFO - [2267, 246, 24]
2024-05-29 03:59:10,078 - root - INFO - [2277, 247, 24]
2024-05-29 03:59:10,185 - root - INFO - [2287, 248, 25]
2024-05-29 03:59:10,294 - root - INFO - [2297, 249, 25]
2024-05-29 03:59:10,403 - root - INFO - [2307, 250, 25]
2024-05-29 03:59:10,510 - root - INFO - [2317, 252, 25]
2024-05-29 03:59:10,616 - root - INFO - [2326, 253, 25]
2024-05-29 03:59:10,722 - root - INFO - [2336, 254, 25]
2024-05-29 03:59:10,828 - root - INFO - [2345, 255, 25]
2024-05-29 03:59:10,935 - root - INFO - [2355, 256, 25]
2024-05-29 03:59:11,043 - root - INFO - [2365, 257, 25]
2024-05-29 03:59:11,151 - root - INFO - [2375, 258, 26]
2024-05-29 03:59:11,259 - root - INFO - [2385, 259, 26]
2024-05-29 03:59:11,368 - root - INFO - [2395, 260, 26]
2024-05-29 03:59:11,475 - root - INFO - [2404, 261, 26]
2024-05-29 03:59:11,582 - root - INFO - [2414, 262, 26]
2024-05-29 03:59:11,689 - root - INFO - [2424, 263, 26]
2024-05-29 03:59:11,795 - root - INFO - [2434, 264, 26]
2024-05-29 03:59:11,905 - root - INFO - [2444, 265, 26]
2024-05-29 03:59:12,015 - root - INFO - [2454, 267, 26]
2024-05-29 03:59:12,122 - root - INFO - [2464, 268, 27]
2024-05-29 03:59:12,231 - root - INFO - [2473, 269, 27]
2024-05-29 03:59:12,337 - root - INFO - [2483, 270, 27]
2024-05-29 03:59:12,443 - root - INFO - [2493, 271, 27]
2024-05-29 03:59:12,550 - root - INFO - [2503, 272, 27]
2024-05-29 03:59:12,656 - root - INFO - [2512, 273, 27]
2024-05-29 03:59:12,763 - root - INFO - [2522, 274, 27]
2024-05-29 03:59:12,871 - root - INFO - [2532, 275, 27]
2024-05-29 03:59:12,977 - root - INFO - [2541, 276, 27]
2024-05-29 03:59:13,083 - root - INFO - [2551, 277, 27]
2024-05-29 03:59:13,188 - root - INFO - [2561, 278, 28]
2024-05-29 03:59:13,294 - root - INFO - [2570, 279, 28]
2024-05-29 03:59:13,397 - root - INFO - [2580, 280, 28]
2024-05-29 03:59:13,505 - root - INFO - [2590, 281, 28]
2024-05-29 03:59:13,615 - root - INFO - [2600, 282, 28]
2024-05-29 03:59:13,725 - root - INFO - [2610, 283, 28]
2024-05-29 03:59:13,833 - root - INFO - [2620, 285, 28]
2024-05-29 03:59:13,939 - root - INFO - [2629, 286, 28]
2024-05-29 03:59:14,044 - root - INFO - [2639, 287, 28]
2024-05-29 03:59:14,150 - root - INFO - [2649, 288, 29]
2024-05-29 03:59:14,259 - root - INFO - [2658, 289, 29]
2024-05-29 03:59:14,365 - root - INFO - [2668, 290, 29]
2024-05-29 03:59:14,471 - root - INFO - [2678, 291, 29]
2024-05-29 03:59:14,579 - root - INFO - [2688, 292, 29]
2024-05-29 03:59:14,688 - root - INFO - [2697, 293, 29]
2024-05-29 03:59:14,796 - root - INFO - [2707, 294, 29]
2024-05-29 03:59:14,901 - root - INFO - [2717, 295, 29]
2024-05-29 03:59:15,008 - root - INFO - [2727, 296, 29]
2024-05-29 03:59:15,114 - root - INFO - [2736, 297, 29]
2024-05-29 03:59:15,220 - root - INFO - [2746, 298, 30]
2024-05-29 03:59:15,327 - root - INFO - [2756, 299, 30]
2024-05-29 03:59:15,434 - root - INFO - [2766, 300, 30]
2024-05-29 03:59:15,540 - root - INFO - [2775, 301, 30]
2024-05-29 03:59:15,648 - root - INFO - [2785, 303, 30]
2024-05-29 03:59:15,755 - root - INFO - [2795, 304, 30]
2024-05-29 03:59:15,862 - root - INFO - [2804, 305, 30]
2024-05-29 03:59:15,975 - root - INFO - [2815, 306, 30]
2024-05-29 03:59:16,082 - root - INFO - [2824, 307, 30]
2024-05-29 03:59:16,185 - root - INFO - Cleaning up...
2024-05-29 03:59:16,282 - root - INFO - Main loop finished
2024-05-29 03:59:16,282 - root - INFO - Main loop finished
2024-05-29 03:59:17,122 - root - INFO - Main loop finished
2024-05-29 03:59:17,122 - root - INFO - Main loop finished
